\BOOKMARK [1][-]{section.1}{Prologue: why this lecture?}{}% 1
\BOOKMARK [1][-]{section.2}{Products and sustainability}{}% 2
\BOOKMARK [2][-]{subsection.2.1}{Environmental impacts}{section.2}% 3
\BOOKMARK [3][-]{subsubsection.2.1.1}{Resource consumption, depletion and restoration}{subsection.2.1}% 4
\BOOKMARK [3][-]{subsubsection.2.1.2}{Pollution}{subsection.2.1}% 5
\BOOKMARK [3][-]{subsubsection.2.1.3}{Measuring environmental impacts}{subsection.2.1}% 6
\BOOKMARK [3][-]{subsubsection.2.1.4}{About irreversibility, or why less is better}{subsection.2.1}% 7
\BOOKMARK [2][-]{subsection.2.2}{Eco-efficiency of products}{section.2}% 8
\BOOKMARK [3][-]{subsubsection.2.2.1}{Product life cycle}{subsection.2.2}% 9
\BOOKMARK [3][-]{subsubsection.2.2.2}{Functional unit}{subsection.2.2}% 10
\BOOKMARK [3][-]{subsubsection.2.2.3}{The role of design in product eco-efficiency}{subsection.2.2}% 11
\BOOKMARK [1][-]{section.3}{Eco-design}{}% 12
\BOOKMARK [2][-]{subsection.3.1}{Setting up objectives}{section.3}% 13
\BOOKMARK [3][-]{subsubsection.3.1.1}{Motivations for eco-design}{subsection.3.1}% 14
\BOOKMARK [3][-]{subsubsection.3.1.2}{Where to search for help to define eco-design objectives?}{subsection.3.1}% 15
\BOOKMARK [2][-]{subsection.3.2}{Assessing the initial situation}{section.3}% 16
\BOOKMARK [3][-]{subsubsection.3.2.1}{Life Cycle Assessment \(LCA\)}{subsection.3.2}% 17
\BOOKMARK [3][-]{subsubsection.3.2.2}{MECO matrix}{subsection.3.2}% 18
\BOOKMARK [2][-]{subsection.3.3}{Looking for solutions}{section.3}% 19
\BOOKMARK [3][-]{subsubsection.3.3.1}{DfE guidelines}{subsection.3.3}% 20
\BOOKMARK [3][-]{subsubsection.3.3.2}{Eco-ideation mechanisms}{subsection.3.3}% 21
\BOOKMARK [1][-]{section.4}{Outlook: beyond eco-design}{}% 22
\BOOKMARK [1][-]{section.5}{Exercise}{}% 23
